<?xml version="1.0" encoding="UTF-8"?>
<testsuite xmlns:xsi="http://www.w3.org/2001/XMLSchema-instance" xsi:noNamespaceSchemaLocation="https://maven.apache.org/surefire/maven-surefire-plugin/xsd/surefire-test-report-3.0.xsd" version="3.0" name="package1.server.GreetResourceMockedTest" time="5.344" tests="2" errors="0" skipped="0" failures="0">
  <properties>
    <property name="java.specification.version" value="17"/>
    <property name="jersey.config.allowSystemPropertiesProvider" value="true"/>
    <property name="sun.jnu.encoding" value="UTF-8"/>
    <property name="java.class.path" value="/home/ec2-user/artifact/server/target/test-classes:/home/ec2-user/artifact/server/target/classes:/home/ec2-user/.m2/repository/io/helidon/microprofile/bundles/helidon-microprofile-core/2.6.5/helidon-microprofile-core-2.6.5.jar:/home/ec2-user/.m2/repository/io/helidon/microprofile/server/helidon-microprofile-server/2.6.5/helidon-microprofile-server-2.6.5.jar:/home/ec2-user/.m2/repository/io/helidon/webserver/helidon-webserver/2.6.5/helidon-webserver-2.6.5.jar:/home/ec2-user/.m2/repository/io/helidon/common/helidon-common-reactive/2.6.5/helidon-common-reactive-2.6.5.jar:/home/ec2-user/.m2/repository/io/helidon/common/helidon-common-mapper/2.6.5/helidon-common-mapper-2.6.5.jar:/home/ec2-user/.m2/repository/io/helidon/media/helidon-media-common/2.6.5/helidon-media-common-2.6.5.jar:/home/ec2-user/.m2/repository/io/helidon/common/helidon-common-key-util/2.6.5/helidon-common-key-util-2.6.5.jar:/home/ec2-user/.m2/repository/io/helidon/logging/helidon-logging-common/2.6.5/helidon-logging-common-2.6.5.jar:/home/ec2-user/.m2/repository/io/opentracing/opentracing-util/0.33.0/opentracing-util-0.33.0.jar:/home/ec2-user/.m2/repository/io/opentracing/opentracing-api/0.33.0/opentracing-api-0.33.0.jar:/home/ec2-user/.m2/repository/io/opentracing/opentracing-noop/0.33.0/opentracing-noop-0.33.0.jar:/home/ec2-user/.m2/repository/io/helidon/tracing/helidon-tracing-config/2.6.5/helidon-tracing-config-2.6.5.jar:/home/ec2-user/.m2/repository/io/netty/netty-codec-http/4.1.100.Final/netty-codec-http-4.1.100.Final.jar:/home/ec2-user/.m2/repository/io/netty/netty-common/4.1.100.Final/netty-common-4.1.100.Final.jar:/home/ec2-user/.m2/repository/io/netty/netty-transport/4.1.100.Final/netty-transport-4.1.100.Final.jar:/home/ec2-user/.m2/repository/io/netty/netty-codec/4.1.100.Final/netty-codec-4.1.100.Final.jar:/home/ec2-user/.m2/repository/io/netty/netty-codec-http2/4.1.100.Final/netty-codec-http2-4.1.100.Final.jar:/home/ec2-user/.m2/repository/io/netty/netty-handler/4.1.100.Final/netty-handler-4.1.100.Final.jar:/home/ec2-user/.m2/repository/io/netty/netty-resolver/4.1.100.Final/netty-resolver-4.1.100.Final.jar:/home/ec2-user/.m2/repository/io/netty/netty-transport-native-unix-common/4.1.100.Final/netty-transport-native-unix-common-4.1.100.Final.jar:/home/ec2-user/.m2/repository/io/helidon/webserver/helidon-webserver-static-content/2.6.5/helidon-webserver-static-content-2.6.5.jar:/home/ec2-user/.m2/repository/io/helidon/common/helidon-common-media-type/2.6.5/helidon-common-media-type-2.6.5.jar:/home/ec2-user/.m2/repository/io/helidon/webserver/helidon-webserver-jersey/2.6.5/helidon-webserver-jersey-2.6.5.jar:/home/ec2-user/.m2/repository/io/helidon/jersey/helidon-jersey-server/2.6.5/helidon-jersey-server-2.6.5.jar:/home/ec2-user/.m2/repository/org/glassfish/jersey/core/jersey-server/2.40/jersey-server-2.40.jar:/home/ec2-user/.m2/repository/jakarta/validation/jakarta.validation-api/2.0.2/jakarta.validation-api-2.0.2.jar:/home/ec2-user/.m2/repository/io/netty/netty-buffer/4.1.100.Final/netty-buffer-4.1.100.Final.jar:/home/ec2-user/.m2/repository/io/helidon/common/helidon-common-service-loader/2.6.5/helidon-common-service-loader-2.6.5.jar:/home/ec2-user/.m2/repository/org/glassfish/jakarta.json/1.1.6/jakarta.json-1.1.6.jar:/home/ec2-user/.m2/repository/io/helidon/media/helidon-media-jsonp/2.6.5/helidon-media-jsonp-2.6.5.jar:/home/ec2-user/.m2/repository/io/helidon/config/helidon-config-yaml/2.6.5/helidon-config-yaml-2.6.5.jar:/home/ec2-user/.m2/repository/org/yaml/snakeyaml/2.0/snakeyaml-2.0.jar:/home/ec2-user/.m2/repository/org/glassfish/jersey/ext/cdi/jersey-weld2-se/2.40/jersey-weld2-se-2.40.jar:/home/ec2-user/.m2/repository/org/glassfish/jersey/ext/cdi/jersey-cdi1x/2.40/jersey-cdi1x-2.40.jar:/home/ec2-user/.m2/repository/io/helidon/jersey/helidon-jersey-media-jsonp/2.6.5/helidon-jersey-media-jsonp-2.6.5.jar:/home/ec2-user/.m2/repository/org/glassfish/jersey/media/jersey-media-json-processing/2.40/jersey-media-json-processing-2.40.jar:/home/ec2-user/.m2/repository/org/glassfish/jsonp-jaxrs/1.1.6/jsonp-jaxrs-1.1.6.jar:/home/ec2-user/.m2/repository/io/helidon/microprofile/config/helidon-microprofile-config/2.6.5/helidon-microprofile-config-2.6.5.jar:/home/ec2-user/.m2/repository/io/helidon/config/helidon-config-encryption/2.6.5/helidon-config-encryption-2.6.5.jar:/home/ec2-user/.m2/repository/io/helidon/common/helidon-common-crypto/2.6.5/helidon-common-crypto-2.6.5.jar:/home/ec2-user/.m2/repository/io/helidon/config/helidon-config-object-mapping/2.6.5/helidon-config-object-mapping-2.6.5.jar:/home/ec2-user/.m2/repository/io/helidon/microprofile/cdi/helidon-microprofile-cdi/2.6.5/helidon-microprofile-cdi-2.6.5.jar:/home/ec2-user/.m2/repository/io/helidon/microprofile/weld/weld-se-core/2.6.5/weld-se-core-2.6.5.jar:/home/ec2-user/.m2/repository/io/helidon/microprofile/weld/weld-core-impl/2.6.5/weld-core-impl-2.6.5.jar:/home/ec2-user/.m2/repository/org/jboss/weld/environment/weld-environment-common/3.1.9.Final/weld-environment-common-3.1.9.Final.jar:/home/ec2-user/.m2/repository/org/jboss/weld/weld-api/3.1.SP4/weld-api-3.1.SP4.jar:/home/ec2-user/.m2/repository/org/jboss/weld/weld-spi/3.1.SP4/weld-spi-3.1.SP4.jar:/home/ec2-user/.m2/repository/org/jboss/logging/jboss-logging/3.5.3.Final/jboss-logging-3.5.3.Final.jar:/home/ec2-user/.m2/repository/org/jboss/classfilewriter/jboss-classfilewriter/1.2.5.Final/jboss-classfilewriter-1.2.5.Final.jar:/home/ec2-user/.m2/repository/org/eclipse/microprofile/config/microprofile-config-api/1.4/microprofile-config-api-1.4.jar:/home/ec2-user/.m2/repository/io/helidon/config/helidon-config-mp/2.6.5/helidon-config-mp-2.6.5.jar:/home/ec2-user/.m2/repository/io/helidon/common/helidon-common/2.6.5/helidon-common-2.6.5.jar:/home/ec2-user/.m2/repository/io/helidon/config/helidon-config/2.6.5/helidon-config-2.6.5.jar:/home/ec2-user/.m2/repository/io/helidon/config/helidon-config-yaml-mp/2.6.5/helidon-config-yaml-mp-2.6.5.jar:/home/ec2-user/.m2/repository/io/helidon/common/helidon-common-context/2.6.5/helidon-common-context-2.6.5.jar:/home/ec2-user/.m2/repository/jakarta/enterprise/jakarta.enterprise.cdi-api/2.0.2/jakarta.enterprise.cdi-api-2.0.2.jar:/home/ec2-user/.m2/repository/jakarta/el/jakarta.el-api/3.0.3/jakarta.el-api-3.0.3.jar:/home/ec2-user/.m2/repository/jakarta/interceptor/jakarta.interceptor-api/1.2.5/jakarta.interceptor-api-1.2.5.jar:/home/ec2-user/.m2/repository/jakarta/inject/jakarta.inject-api/1.0/jakarta.inject-api-1.0.jar:/home/ec2-user/.m2/repository/jakarta/ws/rs/jakarta.ws.rs-api/2.1.6/jakarta.ws.rs-api-2.1.6.jar:/home/ec2-user/.m2/repository/org/openapitools/jackson-databind-nullable/0.2.3/jackson-databind-nullable-0.2.3.jar:/home/ec2-user/.m2/repository/com/fasterxml/jackson/core/jackson-annotations/2.15.2/jackson-annotations-2.15.2.jar:/home/ec2-user/.m2/repository/com/fasterxml/jackson/core/jackson-databind/2.15.2/jackson-databind-2.15.2.jar:/home/ec2-user/.m2/repository/com/fasterxml/jackson/core/jackson-core/2.15.2/jackson-core-2.15.2.jar:/home/ec2-user/.m2/repository/org/glassfish/jersey/media/jersey-media-json-jackson/2.40/jersey-media-json-jackson-2.40.jar:/home/ec2-user/.m2/repository/org/glassfish/jersey/core/jersey-common/2.40/jersey-common-2.40.jar:/home/ec2-user/.m2/repository/org/glassfish/hk2/external/jakarta.inject/2.6.1/jakarta.inject-2.6.1.jar:/home/ec2-user/.m2/repository/org/glassfish/hk2/osgi-resource-locator/1.0.3/osgi-resource-locator-1.0.3.jar:/home/ec2-user/.m2/repository/org/glassfish/jersey/ext/jersey-entity-filtering/2.40/jersey-entity-filtering-2.40.jar:/home/ec2-user/.m2/repository/com/fasterxml/jackson/module/jackson-module-jaxb-annotations/2.15.2/jackson-module-jaxb-annotations-2.15.2.jar:/home/ec2-user/.m2/repository/jakarta/xml/bind/jakarta.xml.bind-api/2.3.3/jakarta.xml.bind-api-2.3.3.jar:/home/ec2-user/.m2/repository/com/fasterxml/jackson/datatype/jackson-datatype-jsr310/2.15.2/jackson-datatype-jsr310-2.15.2.jar:/home/ec2-user/.m2/repository/io/helidon/microprofile/health/helidon-microprofile-health/2.6.5/helidon-microprofile-health-2.6.5.jar:/home/ec2-user/.m2/repository/io/helidon/health/helidon-health/2.6.5/helidon-health-2.6.5.jar:/home/ec2-user/.m2/repository/io/helidon/fault-tolerance/helidon-fault-tolerance/2.6.5/helidon-fault-tolerance-2.6.5.jar:/home/ec2-user/.m2/repository/io/helidon/webserver/helidon-webserver-cors/2.6.5/helidon-webserver-cors-2.6.5.jar:/home/ec2-user/.m2/repository/org/eclipse/microprofile/health/microprofile-health-api/2.2/microprofile-health-api-2.2.jar:/home/ec2-user/.m2/repository/io/helidon/health/helidon-health-common/2.6.5/helidon-health-common-2.6.5.jar:/home/ec2-user/.m2/repository/io/helidon/microprofile/metrics/helidon-microprofile-metrics/2.6.5/helidon-microprofile-metrics-2.6.5.jar:/home/ec2-user/.m2/repository/io/helidon/service-common/helidon-service-common-rest-cdi/2.6.5/helidon-service-common-rest-cdi-2.6.5.jar:/home/ec2-user/.m2/repository/io/helidon/service-common/helidon-service-common-rest/2.6.5/helidon-service-common-rest-2.6.5.jar:/home/ec2-user/.m2/repository/io/helidon/metrics/helidon-metrics-api/2.6.5/helidon-metrics-api-2.6.5.jar:/home/ec2-user/.m2/repository/io/helidon/common/helidon-common-http/2.6.5/helidon-common-http-2.6.5.jar:/home/ec2-user/.m2/repository/io/helidon/config/helidon-config-metadata/2.6.5/helidon-config-metadata-2.6.5.jar:/home/ec2-user/.m2/repository/io/helidon/metrics/helidon-metrics-service-api/2.6.5/helidon-metrics-service-api-2.6.5.jar:/home/ec2-user/.m2/repository/io/helidon/metrics/helidon-metrics/2.6.5/helidon-metrics-2.6.5.jar:/home/ec2-user/.m2/repository/io/helidon/common/helidon-common-configurable/2.6.5/helidon-common-configurable-2.6.5.jar:/home/ec2-user/.m2/repository/org/eclipse/microprofile/metrics/microprofile-metrics-api/2.3.2/microprofile-metrics-api-2.3.2.jar:/home/ec2-user/.m2/repository/io/helidon/integrations/oci/sdk/helidon-integrations-oci-sdk-cdi/2.6.5/helidon-integrations-oci-sdk-cdi-2.6.5.jar:/home/ec2-user/.m2/repository/com/oracle/oci/sdk/oci-java-sdk-common-httpclient-jersey/3.26.0/oci-java-sdk-common-httpclient-jersey-3.26.0.jar:/home/ec2-user/.m2/repository/org/glassfish/jersey/core/jersey-client/2.40/jersey-client-2.40.jar:/home/ec2-user/.m2/repository/org/glassfish/jersey/inject/jersey-hk2/2.40/jersey-hk2-2.40.jar:/home/ec2-user/.m2/repository/org/glassfish/hk2/hk2-locator/2.6.1/hk2-locator-2.6.1.jar:/home/ec2-user/.m2/repository/org/glassfish/hk2/external/aopalliance-repackaged/2.6.1/aopalliance-repackaged-2.6.1.jar:/home/ec2-user/.m2/repository/org/glassfish/hk2/hk2-api/2.6.1/hk2-api-2.6.1.jar:/home/ec2-user/.m2/repository/org/glassfish/hk2/hk2-utils/2.6.1/hk2-utils-2.6.1.jar:/home/ec2-user/.m2/repository/org/javassist/javassist/3.29.2-GA/javassist-3.29.2-GA.jar:/home/ec2-user/.m2/repository/javax/annotation/javax.annotation-api/1.3.2/javax.annotation-api-1.3.2.jar:/home/ec2-user/.m2/repository/org/glassfish/jersey/connectors/jersey-apache-connector/2.40/jersey-apache-connector-2.40.jar:/home/ec2-user/.m2/repository/org/apache/httpcomponents/httpclient/4.5.14/httpclient-4.5.14.jar:/home/ec2-user/.m2/repository/org/apache/httpcomponents/httpcore/4.4.16/httpcore-4.4.16.jar:/home/ec2-user/.m2/repository/commons-logging/commons-logging/1.2/commons-logging-1.2.jar:/home/ec2-user/.m2/repository/commons-codec/commons-codec/1.15/commons-codec-1.15.jar:/home/ec2-user/.m2/repository/com/oracle/oci/sdk/oci-java-sdk-common/3.26.0/oci-java-sdk-common-3.26.0.jar:/home/ec2-user/.m2/repository/org/bouncycastle/bcpkix-jdk15to18/1.74/bcpkix-jdk15to18-1.74.jar:/home/ec2-user/.m2/repository/org/bouncycastle/bcutil-jdk15to18/1.74/bcutil-jdk15to18-1.74.jar:/home/ec2-user/.m2/repository/org/bouncycastle/bcprov-jdk15to18/1.74/bcprov-jdk15to18-1.74.jar:/home/ec2-user/.m2/repository/com/oracle/oci/sdk/oci-java-sdk-circuitbreaker/3.26.0/oci-java-sdk-circuitbreaker-3.26.0.jar:/home/ec2-user/.m2/repository/io/github/resilience4j/resilience4j-circuitbreaker/1.7.1/resilience4j-circuitbreaker-1.7.1.jar:/home/ec2-user/.m2/repository/io/vavr/vavr/0.10.2/vavr-0.10.2.jar:/home/ec2-user/.m2/repository/io/vavr/vavr-match/0.10.2/vavr-match-0.10.2.jar:/home/ec2-user/.m2/repository/io/github/resilience4j/resilience4j-core/1.7.1/resilience4j-core-1.7.1.jar:/home/ec2-user/.m2/repository/com/oracle/oci/sdk/oci-java-sdk-common-httpclient/3.26.0/oci-java-sdk-common-httpclient-3.26.0.jar:/home/ec2-user/.m2/repository/jakarta/annotation/jakarta.annotation-api/1.3.5/jakarta.annotation-api-1.3.5.jar:/home/ec2-user/.m2/repository/org/slf4j/slf4j-api/2.0.9/slf4j-api-2.0.9.jar:/home/ec2-user/.m2/repository/com/oracle/oci/sdk/oci-java-sdk-loggingingestion/3.26.0/oci-java-sdk-loggingingestion-3.26.0.jar:/home/ec2-user/.m2/repository/com/oracle/oci/sdk/oci-java-sdk-monitoring/3.26.0/oci-java-sdk-monitoring-3.26.0.jar:/home/ec2-user/.m2/repository/io/helidon/integrations/oci/metrics/helidon-integrations-oci-metrics-cdi/2.6.5/helidon-integrations-oci-metrics-cdi-2.6.5.jar:/home/ec2-user/.m2/repository/io/helidon/integrations/oci/metrics/helidon-integrations-oci-metrics/2.6.5/helidon-integrations-oci-metrics-2.6.5.jar:/home/ec2-user/.m2/repository/org/jboss/jandex/2.3.1.Final/jandex-2.3.1.Final.jar:/home/ec2-user/.m2/repository/org/junit/jupiter/junit-jupiter-api/5.7.0/junit-jupiter-api-5.7.0.jar:/home/ec2-user/.m2/repository/org/apiguardian/apiguardian-api/1.1.0/apiguardian-api-1.1.0.jar:/home/ec2-user/.m2/repository/org/opentest4j/opentest4j/1.2.0/opentest4j-1.2.0.jar:/home/ec2-user/.m2/repository/org/junit/platform/junit-platform-commons/1.7.0/junit-platform-commons-1.7.0.jar:/home/ec2-user/.m2/repository/org/hamcrest/hamcrest-all/1.3/hamcrest-all-1.3.jar:/home/ec2-user/.m2/repository/io/helidon/microprofile/tests/helidon-microprofile-tests-junit5/2.6.5/helidon-microprofile-tests-junit5-2.6.5.jar:/home/ec2-user/.m2/repository/io/helidon/jersey/helidon-jersey-client/2.6.5/helidon-jersey-client-2.6.5.jar:/home/ec2-user/artifact/client/target/artifact-client.jar:/home/ec2-user/.m2/repository/io/helidon/microprofile/rest-client/helidon-microprofile-rest-client/2.6.5/helidon-microprofile-rest-client-2.6.5.jar:/home/ec2-user/.m2/repository/org/eclipse/microprofile/rest/client/microprofile-rest-client-api/2.0/microprofile-rest-client-api-2.0.jar:/home/ec2-user/.m2/repository/org/glassfish/jersey/ext/microprofile/jersey-mp-rest-client/2.40/jersey-mp-rest-client-2.40.jar:/home/ec2-user/.m2/repository/org/reactivestreams/reactive-streams/1.0.4/reactive-streams-1.0.4.jar:/home/ec2-user/.m2/repository/org/glassfish/jersey/media/jersey-media-sse/2.40/jersey-media-sse-2.40.jar:"/>
    <property name="java.vm.vendor" value="Amazon.com Inc."/>
    <property name="sun.arch.data.model" value="64"/>
    <property name="java.vendor.url" value="https://aws.amazon.com/corretto/"/>
    <property name="user.timezone" value="UTC"/>
    <property name="os.name" value="Linux"/>
    <property name="java.vm.specification.version" value="17"/>
    <property name="sun.java.launcher" value="SUN_STANDARD"/>
    <property name="sun.boot.library.path" value="/usr/lib/jvm/java-17-amazon-corretto.x86_64/lib"/>
    <property name="sun.java.command" value="/home/ec2-user/artifact/server/target/surefire/surefirebooter7369981394418095663.jar /home/ec2-user/artifact/server/target/surefire 2025-03-04T12-50-47_068-jvmRun1 surefire7419970218469174213tmp surefire_01164188434818663706tmp"/>
    <property name="jdk.debug" value="release"/>
    <property name="surefire.test.class.path" value="/home/ec2-user/artifact/server/target/test-classes:/home/ec2-user/artifact/server/target/classes:/home/ec2-user/.m2/repository/io/helidon/microprofile/bundles/helidon-microprofile-core/2.6.5/helidon-microprofile-core-2.6.5.jar:/home/ec2-user/.m2/repository/io/helidon/microprofile/server/helidon-microprofile-server/2.6.5/helidon-microprofile-server-2.6.5.jar:/home/ec2-user/.m2/repository/io/helidon/webserver/helidon-webserver/2.6.5/helidon-webserver-2.6.5.jar:/home/ec2-user/.m2/repository/io/helidon/common/helidon-common-reactive/2.6.5/helidon-common-reactive-2.6.5.jar:/home/ec2-user/.m2/repository/io/helidon/common/helidon-common-mapper/2.6.5/helidon-common-mapper-2.6.5.jar:/home/ec2-user/.m2/repository/io/helidon/media/helidon-media-common/2.6.5/helidon-media-common-2.6.5.jar:/home/ec2-user/.m2/repository/io/helidon/common/helidon-common-key-util/2.6.5/helidon-common-key-util-2.6.5.jar:/home/ec2-user/.m2/repository/io/helidon/logging/helidon-logging-common/2.6.5/helidon-logging-common-2.6.5.jar:/home/ec2-user/.m2/repository/io/opentracing/opentracing-util/0.33.0/opentracing-util-0.33.0.jar:/home/ec2-user/.m2/repository/io/opentracing/opentracing-api/0.33.0/opentracing-api-0.33.0.jar:/home/ec2-user/.m2/repository/io/opentracing/opentracing-noop/0.33.0/opentracing-noop-0.33.0.jar:/home/ec2-user/.m2/repository/io/helidon/tracing/helidon-tracing-config/2.6.5/helidon-tracing-config-2.6.5.jar:/home/ec2-user/.m2/repository/io/netty/netty-codec-http/4.1.100.Final/netty-codec-http-4.1.100.Final.jar:/home/ec2-user/.m2/repository/io/netty/netty-common/4.1.100.Final/netty-common-4.1.100.Final.jar:/home/ec2-user/.m2/repository/io/netty/netty-transport/4.1.100.Final/netty-transport-4.1.100.Final.jar:/home/ec2-user/.m2/repository/io/netty/netty-codec/4.1.100.Final/netty-codec-4.1.100.Final.jar:/home/ec2-user/.m2/repository/io/netty/netty-codec-http2/4.1.100.Final/netty-codec-http2-4.1.100.Final.jar:/home/ec2-user/.m2/repository/io/netty/netty-handler/4.1.100.Final/netty-handler-4.1.100.Final.jar:/home/ec2-user/.m2/repository/io/netty/netty-resolver/4.1.100.Final/netty-resolver-4.1.100.Final.jar:/home/ec2-user/.m2/repository/io/netty/netty-transport-native-unix-common/4.1.100.Final/netty-transport-native-unix-common-4.1.100.Final.jar:/home/ec2-user/.m2/repository/io/helidon/webserver/helidon-webserver-static-content/2.6.5/helidon-webserver-static-content-2.6.5.jar:/home/ec2-user/.m2/repository/io/helidon/common/helidon-common-media-type/2.6.5/helidon-common-media-type-2.6.5.jar:/home/ec2-user/.m2/repository/io/helidon/webserver/helidon-webserver-jersey/2.6.5/helidon-webserver-jersey-2.6.5.jar:/home/ec2-user/.m2/repository/io/helidon/jersey/helidon-jersey-server/2.6.5/helidon-jersey-server-2.6.5.jar:/home/ec2-user/.m2/repository/org/glassfish/jersey/core/jersey-server/2.40/jersey-server-2.40.jar:/home/ec2-user/.m2/repository/jakarta/validation/jakarta.validation-api/2.0.2/jakarta.validation-api-2.0.2.jar:/home/ec2-user/.m2/repository/io/netty/netty-buffer/4.1.100.Final/netty-buffer-4.1.100.Final.jar:/home/ec2-user/.m2/repository/io/helidon/common/helidon-common-service-loader/2.6.5/helidon-common-service-loader-2.6.5.jar:/home/ec2-user/.m2/repository/org/glassfish/jakarta.json/1.1.6/jakarta.json-1.1.6.jar:/home/ec2-user/.m2/repository/io/helidon/media/helidon-media-jsonp/2.6.5/helidon-media-jsonp-2.6.5.jar:/home/ec2-user/.m2/repository/io/helidon/config/helidon-config-yaml/2.6.5/helidon-config-yaml-2.6.5.jar:/home/ec2-user/.m2/repository/org/yaml/snakeyaml/2.0/snakeyaml-2.0.jar:/home/ec2-user/.m2/repository/org/glassfish/jersey/ext/cdi/jersey-weld2-se/2.40/jersey-weld2-se-2.40.jar:/home/ec2-user/.m2/repository/org/glassfish/jersey/ext/cdi/jersey-cdi1x/2.40/jersey-cdi1x-2.40.jar:/home/ec2-user/.m2/repository/io/helidon/jersey/helidon-jersey-media-jsonp/2.6.5/helidon-jersey-media-jsonp-2.6.5.jar:/home/ec2-user/.m2/repository/org/glassfish/jersey/media/jersey-media-json-processing/2.40/jersey-media-json-processing-2.40.jar:/home/ec2-user/.m2/repository/org/glassfish/jsonp-jaxrs/1.1.6/jsonp-jaxrs-1.1.6.jar:/home/ec2-user/.m2/repository/io/helidon/microprofile/config/helidon-microprofile-config/2.6.5/helidon-microprofile-config-2.6.5.jar:/home/ec2-user/.m2/repository/io/helidon/config/helidon-config-encryption/2.6.5/helidon-config-encryption-2.6.5.jar:/home/ec2-user/.m2/repository/io/helidon/common/helidon-common-crypto/2.6.5/helidon-common-crypto-2.6.5.jar:/home/ec2-user/.m2/repository/io/helidon/config/helidon-config-object-mapping/2.6.5/helidon-config-object-mapping-2.6.5.jar:/home/ec2-user/.m2/repository/io/helidon/microprofile/cdi/helidon-microprofile-cdi/2.6.5/helidon-microprofile-cdi-2.6.5.jar:/home/ec2-user/.m2/repository/io/helidon/microprofile/weld/weld-se-core/2.6.5/weld-se-core-2.6.5.jar:/home/ec2-user/.m2/repository/io/helidon/microprofile/weld/weld-core-impl/2.6.5/weld-core-impl-2.6.5.jar:/home/ec2-user/.m2/repository/org/jboss/weld/environment/weld-environment-common/3.1.9.Final/weld-environment-common-3.1.9.Final.jar:/home/ec2-user/.m2/repository/org/jboss/weld/weld-api/3.1.SP4/weld-api-3.1.SP4.jar:/home/ec2-user/.m2/repository/org/jboss/weld/weld-spi/3.1.SP4/weld-spi-3.1.SP4.jar:/home/ec2-user/.m2/repository/org/jboss/logging/jboss-logging/3.5.3.Final/jboss-logging-3.5.3.Final.jar:/home/ec2-user/.m2/repository/org/jboss/classfilewriter/jboss-classfilewriter/1.2.5.Final/jboss-classfilewriter-1.2.5.Final.jar:/home/ec2-user/.m2/repository/org/eclipse/microprofile/config/microprofile-config-api/1.4/microprofile-config-api-1.4.jar:/home/ec2-user/.m2/repository/io/helidon/config/helidon-config-mp/2.6.5/helidon-config-mp-2.6.5.jar:/home/ec2-user/.m2/repository/io/helidon/common/helidon-common/2.6.5/helidon-common-2.6.5.jar:/home/ec2-user/.m2/repository/io/helidon/config/helidon-config/2.6.5/helidon-config-2.6.5.jar:/home/ec2-user/.m2/repository/io/helidon/config/helidon-config-yaml-mp/2.6.5/helidon-config-yaml-mp-2.6.5.jar:/home/ec2-user/.m2/repository/io/helidon/common/helidon-common-context/2.6.5/helidon-common-context-2.6.5.jar:/home/ec2-user/.m2/repository/jakarta/enterprise/jakarta.enterprise.cdi-api/2.0.2/jakarta.enterprise.cdi-api-2.0.2.jar:/home/ec2-user/.m2/repository/jakarta/el/jakarta.el-api/3.0.3/jakarta.el-api-3.0.3.jar:/home/ec2-user/.m2/repository/jakarta/interceptor/jakarta.interceptor-api/1.2.5/jakarta.interceptor-api-1.2.5.jar:/home/ec2-user/.m2/repository/jakarta/inject/jakarta.inject-api/1.0/jakarta.inject-api-1.0.jar:/home/ec2-user/.m2/repository/jakarta/ws/rs/jakarta.ws.rs-api/2.1.6/jakarta.ws.rs-api-2.1.6.jar:/home/ec2-user/.m2/repository/org/openapitools/jackson-databind-nullable/0.2.3/jackson-databind-nullable-0.2.3.jar:/home/ec2-user/.m2/repository/com/fasterxml/jackson/core/jackson-annotations/2.15.2/jackson-annotations-2.15.2.jar:/home/ec2-user/.m2/repository/com/fasterxml/jackson/core/jackson-databind/2.15.2/jackson-databind-2.15.2.jar:/home/ec2-user/.m2/repository/com/fasterxml/jackson/core/jackson-core/2.15.2/jackson-core-2.15.2.jar:/home/ec2-user/.m2/repository/org/glassfish/jersey/media/jersey-media-json-jackson/2.40/jersey-media-json-jackson-2.40.jar:/home/ec2-user/.m2/repository/org/glassfish/jersey/core/jersey-common/2.40/jersey-common-2.40.jar:/home/ec2-user/.m2/repository/org/glassfish/hk2/external/jakarta.inject/2.6.1/jakarta.inject-2.6.1.jar:/home/ec2-user/.m2/repository/org/glassfish/hk2/osgi-resource-locator/1.0.3/osgi-resource-locator-1.0.3.jar:/home/ec2-user/.m2/repository/org/glassfish/jersey/ext/jersey-entity-filtering/2.40/jersey-entity-filtering-2.40.jar:/home/ec2-user/.m2/repository/com/fasterxml/jackson/module/jackson-module-jaxb-annotations/2.15.2/jackson-module-jaxb-annotations-2.15.2.jar:/home/ec2-user/.m2/repository/jakarta/xml/bind/jakarta.xml.bind-api/2.3.3/jakarta.xml.bind-api-2.3.3.jar:/home/ec2-user/.m2/repository/com/fasterxml/jackson/datatype/jackson-datatype-jsr310/2.15.2/jackson-datatype-jsr310-2.15.2.jar:/home/ec2-user/.m2/repository/io/helidon/microprofile/health/helidon-microprofile-health/2.6.5/helidon-microprofile-health-2.6.5.jar:/home/ec2-user/.m2/repository/io/helidon/health/helidon-health/2.6.5/helidon-health-2.6.5.jar:/home/ec2-user/.m2/repository/io/helidon/fault-tolerance/helidon-fault-tolerance/2.6.5/helidon-fault-tolerance-2.6.5.jar:/home/ec2-user/.m2/repository/io/helidon/webserver/helidon-webserver-cors/2.6.5/helidon-webserver-cors-2.6.5.jar:/home/ec2-user/.m2/repository/org/eclipse/microprofile/health/microprofile-health-api/2.2/microprofile-health-api-2.2.jar:/home/ec2-user/.m2/repository/io/helidon/health/helidon-health-common/2.6.5/helidon-health-common-2.6.5.jar:/home/ec2-user/.m2/repository/io/helidon/microprofile/metrics/helidon-microprofile-metrics/2.6.5/helidon-microprofile-metrics-2.6.5.jar:/home/ec2-user/.m2/repository/io/helidon/service-common/helidon-service-common-rest-cdi/2.6.5/helidon-service-common-rest-cdi-2.6.5.jar:/home/ec2-user/.m2/repository/io/helidon/service-common/helidon-service-common-rest/2.6.5/helidon-service-common-rest-2.6.5.jar:/home/ec2-user/.m2/repository/io/helidon/metrics/helidon-metrics-api/2.6.5/helidon-metrics-api-2.6.5.jar:/home/ec2-user/.m2/repository/io/helidon/common/helidon-common-http/2.6.5/helidon-common-http-2.6.5.jar:/home/ec2-user/.m2/repository/io/helidon/config/helidon-config-metadata/2.6.5/helidon-config-metadata-2.6.5.jar:/home/ec2-user/.m2/repository/io/helidon/metrics/helidon-metrics-service-api/2.6.5/helidon-metrics-service-api-2.6.5.jar:/home/ec2-user/.m2/repository/io/helidon/metrics/helidon-metrics/2.6.5/helidon-metrics-2.6.5.jar:/home/ec2-user/.m2/repository/io/helidon/common/helidon-common-configurable/2.6.5/helidon-common-configurable-2.6.5.jar:/home/ec2-user/.m2/repository/org/eclipse/microprofile/metrics/microprofile-metrics-api/2.3.2/microprofile-metrics-api-2.3.2.jar:/home/ec2-user/.m2/repository/io/helidon/integrations/oci/sdk/helidon-integrations-oci-sdk-cdi/2.6.5/helidon-integrations-oci-sdk-cdi-2.6.5.jar:/home/ec2-user/.m2/repository/com/oracle/oci/sdk/oci-java-sdk-common-httpclient-jersey/3.26.0/oci-java-sdk-common-httpclient-jersey-3.26.0.jar:/home/ec2-user/.m2/repository/org/glassfish/jersey/core/jersey-client/2.40/jersey-client-2.40.jar:/home/ec2-user/.m2/repository/org/glassfish/jersey/inject/jersey-hk2/2.40/jersey-hk2-2.40.jar:/home/ec2-user/.m2/repository/org/glassfish/hk2/hk2-locator/2.6.1/hk2-locator-2.6.1.jar:/home/ec2-user/.m2/repository/org/glassfish/hk2/external/aopalliance-repackaged/2.6.1/aopalliance-repackaged-2.6.1.jar:/home/ec2-user/.m2/repository/org/glassfish/hk2/hk2-api/2.6.1/hk2-api-2.6.1.jar:/home/ec2-user/.m2/repository/org/glassfish/hk2/hk2-utils/2.6.1/hk2-utils-2.6.1.jar:/home/ec2-user/.m2/repository/org/javassist/javassist/3.29.2-GA/javassist-3.29.2-GA.jar:/home/ec2-user/.m2/repository/javax/annotation/javax.annotation-api/1.3.2/javax.annotation-api-1.3.2.jar:/home/ec2-user/.m2/repository/org/glassfish/jersey/connectors/jersey-apache-connector/2.40/jersey-apache-connector-2.40.jar:/home/ec2-user/.m2/repository/org/apache/httpcomponents/httpclient/4.5.14/httpclient-4.5.14.jar:/home/ec2-user/.m2/repository/org/apache/httpcomponents/httpcore/4.4.16/httpcore-4.4.16.jar:/home/ec2-user/.m2/repository/commons-logging/commons-logging/1.2/commons-logging-1.2.jar:/home/ec2-user/.m2/repository/commons-codec/commons-codec/1.15/commons-codec-1.15.jar:/home/ec2-user/.m2/repository/com/oracle/oci/sdk/oci-java-sdk-common/3.26.0/oci-java-sdk-common-3.26.0.jar:/home/ec2-user/.m2/repository/org/bouncycastle/bcpkix-jdk15to18/1.74/bcpkix-jdk15to18-1.74.jar:/home/ec2-user/.m2/repository/org/bouncycastle/bcutil-jdk15to18/1.74/bcutil-jdk15to18-1.74.jar:/home/ec2-user/.m2/repository/org/bouncycastle/bcprov-jdk15to18/1.74/bcprov-jdk15to18-1.74.jar:/home/ec2-user/.m2/repository/com/oracle/oci/sdk/oci-java-sdk-circuitbreaker/3.26.0/oci-java-sdk-circuitbreaker-3.26.0.jar:/home/ec2-user/.m2/repository/io/github/resilience4j/resilience4j-circuitbreaker/1.7.1/resilience4j-circuitbreaker-1.7.1.jar:/home/ec2-user/.m2/repository/io/vavr/vavr/0.10.2/vavr-0.10.2.jar:/home/ec2-user/.m2/repository/io/vavr/vavr-match/0.10.2/vavr-match-0.10.2.jar:/home/ec2-user/.m2/repository/io/github/resilience4j/resilience4j-core/1.7.1/resilience4j-core-1.7.1.jar:/home/ec2-user/.m2/repository/com/oracle/oci/sdk/oci-java-sdk-common-httpclient/3.26.0/oci-java-sdk-common-httpclient-3.26.0.jar:/home/ec2-user/.m2/repository/jakarta/annotation/jakarta.annotation-api/1.3.5/jakarta.annotation-api-1.3.5.jar:/home/ec2-user/.m2/repository/org/slf4j/slf4j-api/2.0.9/slf4j-api-2.0.9.jar:/home/ec2-user/.m2/repository/com/oracle/oci/sdk/oci-java-sdk-loggingingestion/3.26.0/oci-java-sdk-loggingingestion-3.26.0.jar:/home/ec2-user/.m2/repository/com/oracle/oci/sdk/oci-java-sdk-monitoring/3.26.0/oci-java-sdk-monitoring-3.26.0.jar:/home/ec2-user/.m2/repository/io/helidon/integrations/oci/metrics/helidon-integrations-oci-metrics-cdi/2.6.5/helidon-integrations-oci-metrics-cdi-2.6.5.jar:/home/ec2-user/.m2/repository/io/helidon/integrations/oci/metrics/helidon-integrations-oci-metrics/2.6.5/helidon-integrations-oci-metrics-2.6.5.jar:/home/ec2-user/.m2/repository/org/jboss/jandex/2.3.1.Final/jandex-2.3.1.Final.jar:/home/ec2-user/.m2/repository/org/junit/jupiter/junit-jupiter-api/5.7.0/junit-jupiter-api-5.7.0.jar:/home/ec2-user/.m2/repository/org/apiguardian/apiguardian-api/1.1.0/apiguardian-api-1.1.0.jar:/home/ec2-user/.m2/repository/org/opentest4j/opentest4j/1.2.0/opentest4j-1.2.0.jar:/home/ec2-user/.m2/repository/org/junit/platform/junit-platform-commons/1.7.0/junit-platform-commons-1.7.0.jar:/home/ec2-user/.m2/repository/org/hamcrest/hamcrest-all/1.3/hamcrest-all-1.3.jar:/home/ec2-user/.m2/repository/io/helidon/microprofile/tests/helidon-microprofile-tests-junit5/2.6.5/helidon-microprofile-tests-junit5-2.6.5.jar:/home/ec2-user/.m2/repository/io/helidon/jersey/helidon-jersey-client/2.6.5/helidon-jersey-client-2.6.5.jar:/home/ec2-user/artifact/client/target/artifact-client.jar:/home/ec2-user/.m2/repository/io/helidon/microprofile/rest-client/helidon-microprofile-rest-client/2.6.5/helidon-microprofile-rest-client-2.6.5.jar:/home/ec2-user/.m2/repository/org/eclipse/microprofile/rest/client/microprofile-rest-client-api/2.0/microprofile-rest-client-api-2.0.jar:/home/ec2-user/.m2/repository/org/glassfish/jersey/ext/microprofile/jersey-mp-rest-client/2.40/jersey-mp-rest-client-2.40.jar:/home/ec2-user/.m2/repository/org/reactivestreams/reactive-streams/1.0.4/reactive-streams-1.0.4.jar:/home/ec2-user/.m2/repository/org/glassfish/jersey/media/jersey-media-sse/2.40/jersey-media-sse-2.40.jar:"/>
    <property name="sun.cpu.endian" value="little"/>
    <property name="user.home" value="/home/ec2-user"/>
    <property name="user.language" value="en"/>
    <property name="java.specification.vendor" value="Oracle Corporation"/>
    <property name="io.netty.allocator.maxOrder" value="6"/>
    <property name="java.version.date" value="2025-01-21"/>
    <property name="java.home" value="/usr/lib/jvm/java-17-amazon-corretto.x86_64"/>
    <property name="file.separator" value="/"/>
    <property name="basedir" value="/home/ec2-user/artifact/server"/>
    <property name="java.vm.compressedOopsMode" value="32-bit"/>
    <property name="line.separator" value="&#10;"/>
    <property name="java.specification.name" value="Java Platform API Specification"/>
    <property name="java.vm.specification.vendor" value="Oracle Corporation"/>
    <property name="surefire.real.class.path" value="/home/ec2-user/artifact/server/target/surefire/surefirebooter7369981394418095663.jar"/>
    <property name="java.util.logging.config.file" value="/home/ec2-user/artifact/server/target/classes/logging.properties"/>
    <property name="sun.management.compiler" value="HotSpot 64-Bit Tiered Compilers"/>
    <property name="java.runtime.version" value="17.0.14+7-LTS"/>
    <property name="user.name" value="ec2-user"/>
    <property name="path.separator" value=":"/>
    <property name="os.version" value="6.1.128-136.201.amzn2023.x86_64"/>
    <property name="java.runtime.name" value="OpenJDK Runtime Environment"/>
    <property name="file.encoding" value="UTF-8"/>
    <property name="java.vm.name" value="OpenJDK 64-Bit Server VM"/>
    <property name="java.vendor.version" value="Corretto-17.0.14.7.1"/>
    <property name="localRepository" value="/home/ec2-user/.m2/repository"/>
    <property name="jersey.config.client.ignoreExceptionResponse" value="true"/>
    <property name="java.vendor.url.bug" value="https://github.com/corretto/corretto-17/issues/"/>
    <property name="java.io.tmpdir" value="/tmp"/>
    <property name="java.version" value="17.0.14"/>
    <property name="user.dir" value="/home/ec2-user/artifact/server"/>
    <property name="os.arch" value="amd64"/>
    <property name="java.vm.specification.name" value="Java Virtual Machine Specification"/>
    <property name="native.encoding" value="UTF-8"/>
    <property name="java.library.path" value="/usr/java/packages/lib:/usr/lib64:/lib64:/lib:/usr/lib"/>
    <property name="java.vm.info" value="mixed mode, sharing"/>
    <property name="java.vendor" value="Amazon.com Inc."/>
    <property name="java.vm.version" value="17.0.14+7-LTS"/>
    <property name="java.specification.maintenance.version" value="1"/>
    <property name="sun.io.unicode.encoding" value="UnicodeLittle"/>
    <property name="java.class.version" value="61.0"/>
  </properties>
  <testcase name="testOciFailureShouldNotCauseInternalError" classname="package1.server.GreetResourceMockedTest" time="0.698">
    <system-out><![CDATA[2025.03.04 12:51:07 INFO io.helidon.common.LogConfig Thread[main,5,main]: Logging at initialization configured using /home/ec2-user/artifact/server/target/classes/logging.properties
2025.03.04 12:51:07 INFO io.helidon.microprofile.server.ServerCdiExtension Thread[main,5,main]: Registering JAX-RS Application: RestApplication
2025.03.04 12:51:08 INFO io.helidon.webserver.NettyWebServer Thread[nioEventLoopGroup-2-1,10,main]: Channel '@default' started: [id: 0xf0226773, L:/[0:0:0:0:0:0:0:0]:36669]
2025.03.04 12:51:08 INFO io.helidon.microprofile.server.ServerCdiExtension Thread[main,5,main]: Server started on http://localhost:36669 (and all other host addresses) in 5320 milliseconds (since JVM startup).
2025.03.04 12:51:08 INFO io.helidon.common.HelidonFeatures Thread[features-thread,5,main]: Helidon MP 2.6.5 features: [CDI, Config, Health, JAX-RS, Metrics, REST Client, Server]
2025.03.04 12:51:08 WARNING org.glassfish.jersey.message.internal.MessagingBinders Thread[main,5,main]: A class javax.activation.DataSource for a default provider MessageBodyWriter<javax.activation.DataSource> was not found. The provider is not available.
2025.03.04 12:51:09 INFO package1.server.GreetResource Thread[helidon-server-1,5,server]: GreetResource is instantiated
2025.03.04 12:51:09 INFO package1.server.GreetResource Thread[helidon-server-1,5,server]: getDefaultMessage() is invoked
2025.03.04 12:51:09 WARNING package1.server.GreetResource Thread[helidon-server-1,5,server]: Received error while executing MonitoringClient.postMetricData(: Simulate Logging.postMetricDataException
2025.03.04 12:51:09 WARNING package1.server.GreetResource Thread[helidon-server-1,5,server]: Received error while executing LoggingClient.putLogs: Simulate Logging.putLogs Exception
]]></system-out>
    <system-err><![CDATA[SLF4J: No SLF4J providers were found.
SLF4J: Defaulting to no-operation (NOP) logger implementation
SLF4J: See https://www.slf4j.org/codes.html#noProviders for further details.
]]></system-err>
  </testcase>
  <testcase name="testHelloWorld" classname="package1.server.GreetResourceMockedTest" time="0.235">
    <system-out><![CDATA[2025.03.04 12:51:09 INFO package1.server.GreetResource Thread[helidon-server-3,5,server]: getDefaultMessage() is invoked
2025.03.04 12:51:09 INFO package1.server.GreetResource Thread[helidon-server-3,5,server]: publishMetric successfully sends metric to OCI monitoring service
2025.03.04 12:51:09 INFO package1.server.GreetResource Thread[helidon-server-3,5,server]: publishLog() successfully sends log to OCI logging service
2025.03.04 12:51:09 INFO package1.server.GreetResource Thread[helidon-server-2,5,server]: getMessage(Joe) is invoked
2025.03.04 12:51:09 INFO package1.server.GreetResource Thread[helidon-server-2,5,server]: publishMetric successfully sends metric to OCI monitoring service
2025.03.04 12:51:09 INFO package1.server.GreetResource Thread[helidon-server-2,5,server]: publishLog() successfully sends log to OCI logging service
2025.03.04 12:51:09 INFO package1.server.GreetResource Thread[helidon-server-4,5,server]: updateGreeting(greeting: Hola) is invoked
2025.03.04 12:51:09 INFO package1.server.GreetResource Thread[helidon-server-4,5,server]: publishMetric successfully sends metric to OCI monitoring service
2025.03.04 12:51:09 INFO package1.server.GreetResource Thread[helidon-server-4,5,server]: publishLog() successfully sends log to OCI logging service
2025.03.04 12:51:09 WARNING io.helidon.webserver.BareResponseImpl Thread[helidon-server-4,5,server]: Entity was requested and not fully consumed before a response is sent. This is not supported. Connection will be closed. Please fix your route for PUT /greet/greeting
2025.03.04 12:51:09 INFO package1.server.GreetResource Thread[helidon-server-1,5,server]: getDefaultMessage() is invoked
2025.03.04 12:51:09 INFO package1.server.GreetResource Thread[helidon-server-1,5,server]: publishMetric successfully sends metric to OCI monitoring service
2025.03.04 12:51:09 INFO package1.server.GreetResource Thread[helidon-server-1,5,server]: publishLog() successfully sends log to OCI logging service
]]></system-out>
  </testcase>
</testsuite>